<?xml version="1.0" encoding="UTF-8" ?>
<testsuite tests="9" failures="0" name="com.Sample.RunSearchTest" time="0.079" errors="3" skipped="5">
  <properties>
[...]
</properties>
  <testcase classname="Scenario: Share Icon should display pinterst and facebook icons" name="Given I navigate to asos" time="0.004"/>
  <testcase classname="Scenario: Share Icon should display pinterst and facebook icons" name="And I enter a product name in search bar" time="0.003">
    <error type="java.lang.NullPointerException">java.lang.NullPointerException
	at com.sample.pageObjects.SearchPage.enterAProductNameInSearchBar(SearchPage.java:16)
	at com.Sample.steps.SearchSteps.i_enter_a_product_name_in_search_bar(SearchSteps.java:21)
	at ✽.And I enter a product name in search bar(src/test/resources/features/search.feature:245)
</error>
  </testcase>
  <testcase classname="Scenario: Share Icon should display pinterst and facebook icons" name="Scenario: Share Icon should display pinterst and facebook icons" time="0.004">
    <error type="java.lang.NullPointerException">java.lang.NullPointerException
	at com.sample.pageObjects.SearchPage.enterAProductNameInSearchBar(SearchPage.java:16)
	at com.Sample.steps.SearchSteps.i_enter_a_product_name_in_search_bar(SearchSteps.java:21)
	at ✽.And I enter a product name in search bar(src/test/resources/features/search.feature:245)
</error>
  </testcase>
  <testcase classname="Scenario: Share Icon should display pinterst and facebook icons" name="And I select a brand" time="0.004">
    <skipped/>
  </testcase>
  <testcase classname="Scenario: Share Icon should display pinterst and facebook icons" name="And I select a product" time="0.008">
    <skipped/>
  </testcase>
  <testcase classname="Scenario: Share Icon should display pinterst and facebook icons" name="When I click on share button" time="0.008">
    <skipped/>
  </testcase>
  <testcase classname="Scenario: Share Icon should display pinterst and facebook icons" name="Then I should see pinterst and facebook icons" time="0.008">
    <skipped/>
  </testcase>
  <testcase classname="Scenario: Share Icon should display pinterst and facebook icons" name="Scenario: Share Icon should display pinterst and facebook icons" time="0.02">
    <error message="no such window: target window already closed
from unknown error: web view not found
  (Session info: chrome=67.0.3396.87)
  (Driver info: chromedriver=2.40.565386 (45a059dc425e08165f9a10324bd1380cc13ca363),platform=Mac OS X 10.12.0 x86_64) (WARNING: The server did not provide any stacktrace information)
Command duration or timeout: 7 milliseconds
Build info: version: &apos;2.53.1&apos;, revision: &apos;a36b8b1cd5757287168e54b817830adce9b0158d&apos;, time: &apos;2016-06-30 19:26:09&apos;
System info: host: &apos;VE-MAC-237&apos;, ip: &apos;192.168.0.4&apos;, os.name: &apos;Mac OS X&apos;, os.arch: &apos;x86_64&apos;, os.version: &apos;10.12&apos;, java.version: &apos;1.8.0_77&apos;
Driver info: org.openqa.selenium.chrome.ChromeDriver
Capabilities [{applicationCacheEnabled=false, rotatable=false, mobileEmulationEnabled=false, networkConnectionEnabled=false, chrome={chromedriverVersion=2.40.565386 (45a059dc425e08165f9a10324bd1380cc13ca363), userDataDir=/var/folders/nr/x65q_c9s33vby0mbp6010h7cq3mrpx/T/.org.chromium.Chromium.aAWIGi}, takesHeapSnapshot=true, pageLoadStrategy=normal, databaseEnabled=false, handlesAlerts=true, hasTouchScreen=false, version=67.0.3396.87, platform=MAC, browserConnectionEnabled=false, nativeEvents=true, acceptSslCerts=false, acceptInsecureCerts=false, locationContextEnabled=true, webStorageEnabled=true, browserName=chrome, takesScreenshot=true, javascriptEnabled=true, cssSelectorsEnabled=true, setWindowRect=true, unexpectedAlertBehaviour=}]
Session ID: a7f4d5806a5e7b14aa48eee02bd4235b" type="org.openqa.selenium.NoSuchWindowException">org.openqa.selenium.NoSuchWindowException: no such window: target window already closed
from unknown error: web view not found
  (Session info: chrome=67.0.3396.87)
  (Driver info: chromedriver=2.40.565386 (45a059dc425e08165f9a10324bd1380cc13ca363),platform=Mac OS X 10.12.0 x86_64) (WARNING: The server did not provide any stacktrace information)
Command duration or timeout: 7 milliseconds
Build info: version: &apos;2.53.1&apos;, revision: &apos;a36b8b1cd5757287168e54b817830adce9b0158d&apos;, time: &apos;2016-06-30 19:26:09&apos;
System info: host: &apos;VE-MAC-237&apos;, ip: &apos;192.168.0.4&apos;, os.name: &apos;Mac OS X&apos;, os.arch: &apos;x86_64&apos;, os.version: &apos;10.12&apos;, java.version: &apos;1.8.0_77&apos;
Driver info: org.openqa.selenium.chrome.ChromeDriver
Capabilities [{applicationCacheEnabled=false, rotatable=false, mobileEmulationEnabled=false, networkConnectionEnabled=false, chrome={chromedriverVersion=2.40.565386 (45a059dc425e08165f9a10324bd1380cc13ca363), userDataDir=/var/folders/nr/x65q_c9s33vby0mbp6010h7cq3mrpx/T/.org.chromium.Chromium.aAWIGi}, takesHeapSnapshot=true, pageLoadStrategy=normal, databaseEnabled=false, handlesAlerts=true, hasTouchScreen=false, version=67.0.3396.87, platform=MAC, browserConnectionEnabled=false, nativeEvents=true, acceptSslCerts=false, acceptInsecureCerts=false, locationContextEnabled=true, webStorageEnabled=true, browserName=chrome, takesScreenshot=true, javascriptEnabled=true, cssSelectorsEnabled=true, setWindowRect=true, unexpectedAlertBehaviour=}]
Session ID: a7f4d5806a5e7b14aa48eee02bd4235b
	at sun.reflect.NativeConstructorAccessorImpl.newInstance0(Native Method)
	at sun.reflect.NativeConstructorAccessorImpl.newInstance(NativeConstructorAccessorImpl.java:62)
	at sun.reflect.DelegatingConstructorAccessorImpl.newInstance(DelegatingConstructorAccessorImpl.java:45)
	at java.lang.reflect.Constructor.newInstance(Constructor.java:423)
	at org.openqa.selenium.remote.ErrorHandler.createThrowable(ErrorHandler.java:206)
	at org.openqa.selenium.remote.ErrorHandler.throwIfResponseFailed(ErrorHandler.java:158)
	at org.openqa.selenium.remote.RemoteWebDriver.execute(RemoteWebDriver.java:678)
	at org.openqa.selenium.remote.RemoteWebDriver.execute(RemoteWebDriver.java:701)
	at org.openqa.selenium.remote.RemoteWebDriver.close(RemoteWebDriver.java:521)
	at com.sample.pageFactory.DriverHelper.closeBrowser(DriverHelper.java:101)
	at com.Sample.Hooks.close(Hooks.java:31)
	at sun.reflect.NativeMethodAccessorImpl.invoke0(Native Method)
	at sun.reflect.NativeMethodAccessorImpl.invoke(NativeMethodAccessorImpl.java:62)
	at sun.reflect.DelegatingMethodAccessorImpl.invoke(DelegatingMethodAccessorImpl.java:43)
	at java.lang.reflect.Method.invoke(Method.java:498)
	at cucumber.runtime.Utils$1.call(Utils.java:37)
	at cucumber.runtime.Timeout.timeout(Timeout.java:13)
	at cucumber.runtime.Utils.invoke(Utils.java:31)
	at cucumber.runtime.java.JavaHookDefinition.execute(JavaHookDefinition.java:60)
	at cucumber.runtime.Runtime.runHookIfTagsMatch(Runtime.java:223)
	at cucumber.runtime.Runtime.runHooks(Runtime.java:211)
	at cucumber.runtime.Runtime.runAfterHooks(Runtime.java:205)
	at cucumber.runtime.model.CucumberScenario.run(CucumberScenario.java:46)
	at cucumber.runtime.junit.ExecutionUnitRunner.run(ExecutionUnitRunner.java:91)
	at cucumber.runtime.junit.FeatureRunner.runChild(FeatureRunner.java:63)
	at cucumber.runtime.junit.FeatureRunner.runChild(FeatureRunner.java:18)
	at org.junit.runners.ParentRunner$3.run(ParentRunner.java:290)
	at org.junit.runners.ParentRunner$1.schedule(ParentRunner.java:71)
	at org.junit.runners.ParentRunner.runChildren(ParentRunner.java:288)
	at org.junit.runners.ParentRunner.access$000(ParentRunner.java:58)
	at org.junit.runners.ParentRunner$2.evaluate(ParentRunner.java:268)
	at org.junit.runners.ParentRunner.run(ParentRunner.java:363)
	at cucumber.runtime.junit.FeatureRunner.run(FeatureRunner.java:70)
	at cucumber.api.junit.Cucumber.runChild(Cucumber.java:93)
	at cucumber.api.junit.Cucumber.runChild(Cucumber.java:37)
	at org.junit.runners.ParentRunner$3.run(ParentRunner.java:290)
	at org.junit.runners.ParentRunner$1.schedule(ParentRunner.java:71)
	at org.junit.runners.ParentRunner.runChildren(ParentRunner.java:288)
	at org.junit.runners.ParentRunner.access$000(ParentRunner.java:58)
	at org.junit.runners.ParentRunner$2.evaluate(ParentRunner.java:268)
	at org.junit.runners.ParentRunner.run(ParentRunner.java:363)
	at cucumber.api.junit.Cucumber.run(Cucumber.java:98)
	at org.apache.maven.surefire.junit4.JUnit4Provider.execute(JUnit4Provider.java:252)
	at org.apache.maven.surefire.junit4.JUnit4Provider.executeTestSet(JUnit4Provider.java:141)
	at org.apache.maven.surefire.junit4.JUnit4Provider.invoke(JUnit4Provider.java:112)
	at sun.reflect.NativeMethodAccessorImpl.invoke0(Native Method)
	at sun.reflect.NativeMethodAccessorImpl.invoke(NativeMethodAccessorImpl.java:62)
	at sun.reflect.DelegatingMethodAccessorImpl.invoke(DelegatingMethodAccessorImpl.java:43)
	at java.lang.reflect.Method.invoke(Method.java:498)
	at org.apache.maven.surefire.util.ReflectionUtils.invokeMethodWithArray(ReflectionUtils.java:189)
	at org.apache.maven.surefire.booter.ProviderFactory$ProviderProxy.invoke(ProviderFactory.java:165)
	at org.apache.maven.surefire.booter.ProviderFactory.invokeProvider(ProviderFactory.java:85)
	at org.apache.maven.surefire.booter.ForkedBooter.runSuitesInProcess(ForkedBooter.java:115)
	at org.apache.maven.surefire.booter.ForkedBooter.main(ForkedBooter.java:75)
</error>
  </testcase>
  <testcase classname="Scenario: Share Icon should display pinterst and facebook icons" name="Scenario: Share Icon should display pinterst and facebook icons" time="0.02">
    <skipped/>
  </testcase>
</testsuite>